c:\users\user\desktop\sdl-game-framework-main\sdl game framework\sdl game framework\x64\debug\sdl game framework.pch
c:\users\user\desktop\sdl-game-framework-main\sdl game framework\sdl game framework\x64\debug\vc143.pdb
c:\users\user\desktop\sdl-game-framework-main\sdl game framework\sdl game framework\x64\debug\vc143.idb
c:\users\user\desktop\sdl-game-framework-main\sdl game framework\sdl game framework\x64\debug\stdafx.obj
c:\users\user\desktop\sdl-game-framework-main\sdl game framework\sdl game framework\x64\debug\main.obj
c:\users\user\desktop\sdl-game-framework-main\sdl game framework\sdl game framework\x64\debug\window.obj
c:\users\user\desktop\sdl-game-framework-main\sdl game framework\sdl game framework\x64\debug\timer.obj
c:\users\user\desktop\sdl-game-framework-main\sdl game framework\sdl game framework\x64\debug\text.obj
c:\users\user\desktop\sdl-game-framework-main\sdl game framework\sdl game framework\x64\debug\scene.obj
c:\users\user\desktop\sdl-game-framework-main\sdl game framework\sdl game framework\x64\debug\renderer.obj
c:\users\user\desktop\sdl-game-framework-main\sdl game framework\sdl game framework\x64\debug\random.obj
c:\users\user\desktop\sdl-game-framework-main\sdl game framework\sdl game framework\x64\debug\input.obj
c:\users\user\desktop\sdl-game-framework-main\sdl game framework\sdl game framework\x64\debug\image.obj
c:\users\user\desktop\sdl-game-framework-main\sdl game framework\sdl game framework\x64\debug\csv.obj
c:\users\user\desktop\sdl-game-framework-main\sdl game framework\sdl game framework\x64\debug\audio.obj
c:\users\user\desktop\sdl-game-framework-main\sdl game framework\sdl game framework\x64\debug\app.obj
c:\users\user\desktop\sdl-game-framework-main\sdl game framework\x64\debug\sdl game framework.exe
c:\users\user\desktop\sdl-game-framework-main\sdl game framework\sdl game framework\x64\debug\sdl game framework.ilk
c:\users\user\desktop\sdl-game-framework-main\sdl game framework\x64\debug\sdl game framework.pdb
c:\users\user\desktop\sdl-game-framework-main\sdl game framework\sdl game framework\x64\debug\sdl game.568f610e.tlog\cl.command.1.tlog
c:\users\user\desktop\sdl-game-framework-main\sdl game framework\sdl game framework\x64\debug\sdl game.568f610e.tlog\cl.read.1.tlog
c:\users\user\desktop\sdl-game-framework-main\sdl game framework\sdl game framework\x64\debug\sdl game.568f610e.tlog\cl.write.1.tlog
c:\users\user\desktop\sdl-game-framework-main\sdl game framework\sdl game framework\x64\debug\sdl game.568f610e.tlog\link.command.1.tlog
c:\users\user\desktop\sdl-game-framework-main\sdl game framework\sdl game framework\x64\debug\sdl game.568f610e.tlog\link.read.1.tlog
c:\users\user\desktop\sdl-game-framework-main\sdl game framework\sdl game framework\x64\debug\sdl game.568f610e.tlog\link.write.1.tlog
