  stdafx.c
  App.c
C:\HumanAfterAll\SOS_HumanAfterAll\SDL-Game-Framework\SDL Game Framework\App.c(19,27): warning C4047: '==': 'void *'의 간접 참조 수준이 'int'과(와) 다릅니다.
C:\HumanAfterAll\SOS_HumanAfterAll\SDL-Game-Framework\SDL Game Framework\App.c(26,29): warning C4047: '==': 'void *'의 간접 참조 수준이 'int'과(와) 다릅니다.
  Audio.c
C:\HumanAfterAll\SOS_HumanAfterAll\SDL-Game-Framework\SDL Game Framework\Framework\Audio.c(38,23): warning C4244: '초기화 중': 'float'에서 'int32'(으)로 변환하면서 데이터가 손실될 수 있습니다.
C:\HumanAfterAll\SOS_HumanAfterAll\SDL-Game-Framework\SDL Game Framework\Framework\Audio.c(152,49): warning C4244: '함수': 'float'에서 'int'(으)로 변환하면서 데이터가 손실될 수 있습니다.
C:\HumanAfterAll\SOS_HumanAfterAll\SDL-Game-Framework\SDL Game Framework\Framework\Audio.c(151,23): warning C4244: '초기화 중': 'float'에서 'int32'(으)로 변환하면서 데이터가 손실될 수 있습니다.
  Image.c
  Input.c
  Random.c
C:\HumanAfterAll\SOS_HumanAfterAll\SDL-Game-Framework\SDL Game Framework\Framework\Random.c(6,12): warning C4244: '함수': 'time_t'에서 'unsigned int'(으)로 변환하면서 데이터가 손실될 수 있습니다.
C:\HumanAfterAll\SOS_HumanAfterAll\SDL-Game-Framework\SDL Game Framework\Framework\Random.c(13,30): warning C4244: '초기화 중': 'float'에서 'int32'(으)로 변환하면서 데이터가 손실될 수 있습니다.
  Renderer.c
C:\HumanAfterAll\SOS_HumanAfterAll\SDL-Game-Framework\SDL Game Framework\Framework\Renderer.c(35,21): warning C4244: '초기화 중': 'const float'에서 'int'(으)로 변환하면서 데이터가 손실될 수 있습니다.
C:\HumanAfterAll\SOS_HumanAfterAll\SDL-Game-Framework\SDL Game Framework\Framework\Renderer.c(36,22): warning C4244: '초기화 중': 'const float'에서 'int'(으)로 변환하면서 데이터가 손실될 수 있습니다.
C:\HumanAfterAll\SOS_HumanAfterAll\SDL-Game-Framework\SDL Game Framework\Framework\Renderer.c(43,59): warning C4133: '함수': 'TTF_Font *const '과(와) 'TTF_Font *' 사이의 형식이 호환되지 않습니다.
C:\HumanAfterAll\SOS_HumanAfterAll\SDL-Game-Framework\SDL Game Framework\Framework\Renderer.c(54,60): warning C4133: '함수': 'TTF_Font *const '과(와) 'TTF_Font *' 사이의 형식이 호환되지 않습니다.
C:\HumanAfterAll\SOS_HumanAfterAll\SDL-Game-Framework\SDL Game Framework\Framework\Renderer.c(65,61): warning C4133: '함수': 'TTF_Font *const '과(와) 'TTF_Font *' 사이의 형식이 호환되지 않습니다.
  Text.c
C:\HumanAfterAll\SOS_HumanAfterAll\SDL-Game-Framework\SDL Game Framework\Framework\Text.c(37,26): warning C4133: '함수': 'TTF_Font *'과(와) 'TTF_Font *' 사이의 형식이 호환되지 않습니다.
C:\HumanAfterAll\SOS_HumanAfterAll\SDL-Game-Framework\SDL Game Framework\Framework\Text.c(49,27): warning C4133: '함수': 'TTF_Font *'과(와) 'TTF_Font *' 사이의 형식이 호환되지 않습니다.
C:\HumanAfterAll\SOS_HumanAfterAll\SDL-Game-Framework\SDL Game Framework\Framework\Text.c(54,45): warning C4133: '=': 'TTF_Font *'과(와) 'TTF_Font *' 사이의 형식이 호환되지 않습니다.
C:\HumanAfterAll\SOS_HumanAfterAll\SDL-Game-Framework\SDL Game Framework\Framework\Text.c(59,29): warning C4133: '함수': 'TTF_Font *'과(와) 'TTF_Font *' 사이의 형식이 호환되지 않습니다.
C:\HumanAfterAll\SOS_HumanAfterAll\SDL-Game-Framework\SDL Game Framework\Framework\Text.c(64,48): warning C4133: '함수': 'TTF_Font *const '과(와) 'const TTF_Font *' 사이의 형식이 호환되지 않습니다.
  Timer.c
C:\HumanAfterAll\SOS_HumanAfterAll\SDL-Game-Framework\SDL Game Framework\Framework\Timer.c(10,20): warning C4244: '=': 'double'에서 'float'(으)로 변환하면서 데이터가 손실될 수 있습니다.
  Window.c
  Main.c
  Scene.c
C:\HumanAfterAll\SOS_HumanAfterAll\SDL-Game-Framework\SDL Game Framework\Scene.c(224,28): warning C4113: 'void (__cdecl *)()'은(는) 'void (__cdecl *)(void)'과(와) 매개 변수 목록이 다릅니다.
C:\HumanAfterAll\SOS_HumanAfterAll\SDL-Game-Framework\SDL Game Framework\Scene.c(225,32): warning C4113: 'void (__cdecl *)()'은(는) 'void (__cdecl *)(void)'과(와) 매개 변수 목록이 다릅니다.
C:\HumanAfterAll\SOS_HumanAfterAll\SDL-Game-Framework\SDL Game Framework\Scene.c(226,32): warning C4113: 'void (__cdecl *)()'은(는) 'void (__cdecl *)(void)'과(와) 매개 변수 목록이 다릅니다.
C:\HumanAfterAll\SOS_HumanAfterAll\SDL-Game-Framework\SDL Game Framework\Scene.c(227,34): warning C4113: 'void (__cdecl *)()'은(는) 'void (__cdecl *)(void)'과(와) 매개 변수 목록이 다릅니다.
C:\HumanAfterAll\SOS_HumanAfterAll\SDL-Game-Framework\SDL Game Framework\Scene.c(230,34): warning C4113: 'void (__cdecl *)()'은(는) 'void (__cdecl *)(void)'과(와) 매개 변수 목록이 다릅니다.
C:\HumanAfterAll\SOS_HumanAfterAll\SDL-Game-Framework\SDL Game Framework\Scene.c(231,38): warning C4113: 'void (__cdecl *)()'은(는) 'void (__cdecl *)(void)'과(와) 매개 변수 목록이 다릅니다.
C:\HumanAfterAll\SOS_HumanAfterAll\SDL-Game-Framework\SDL Game Framework\Scene.c(232,38): warning C4113: 'void (__cdecl *)()'은(는) 'void (__cdecl *)(void)'과(와) 매개 변수 목록이 다릅니다.
C:\HumanAfterAll\SOS_HumanAfterAll\SDL-Game-Framework\SDL Game Framework\Scene.c(233,40): warning C4113: 'void (__cdecl *)()'은(는) 'void (__cdecl *)(void)'과(와) 매개 변수 목록이 다릅니다.
C:\HumanAfterAll\SOS_HumanAfterAll\SDL-Game-Framework\SDL Game Framework\Scene.c(236,28): warning C4113: 'void (__cdecl *)()'은(는) 'void (__cdecl *)(void)'과(와) 매개 변수 목록이 다릅니다.
C:\HumanAfterAll\SOS_HumanAfterAll\SDL-Game-Framework\SDL Game Framework\Scene.c(237,32): warning C4113: 'void (__cdecl *)()'은(는) 'void (__cdecl *)(void)'과(와) 매개 변수 목록이 다릅니다.
C:\HumanAfterAll\SOS_HumanAfterAll\SDL-Game-Framework\SDL Game Framework\Scene.c(238,32): warning C4113: 'void (__cdecl *)()'은(는) 'void (__cdecl *)(void)'과(와) 매개 변수 목록이 다릅니다.
C:\HumanAfterAll\SOS_HumanAfterAll\SDL-Game-Framework\SDL Game Framework\Scene.c(239,34): warning C4113: 'void (__cdecl *)()'은(는) 'void (__cdecl *)(void)'과(와) 매개 변수 목록이 다릅니다.
C:\HumanAfterAll\SOS_HumanAfterAll\SDL-Game-Framework\SDL Game Framework\Scene.c(242,29): warning C4113: 'void (__cdecl *)()'은(는) 'void (__cdecl *)(void)'과(와) 매개 변수 목록이 다릅니다.
C:\HumanAfterAll\SOS_HumanAfterAll\SDL-Game-Framework\SDL Game Framework\Scene.c(243,33): warning C4113: 'void (__cdecl *)()'은(는) 'void (__cdecl *)(void)'과(와) 매개 변수 목록이 다릅니다.
C:\HumanAfterAll\SOS_HumanAfterAll\SDL-Game-Framework\SDL Game Framework\Scene.c(244,33): warning C4113: 'void (__cdecl *)()'은(는) 'void (__cdecl *)(void)'과(와) 매개 변수 목록이 다릅니다.
C:\HumanAfterAll\SOS_HumanAfterAll\SDL-Game-Framework\SDL Game Framework\Scene.c(245,35): warning C4113: 'void (__cdecl *)()'은(는) 'void (__cdecl *)(void)'과(와) 매개 변수 목록이 다릅니다.
C:\HumanAfterAll\SOS_HumanAfterAll\SDL-Game-Framework\SDL Game Framework\Scene.c(248,29): warning C4113: 'void (__cdecl *)()'은(는) 'void (__cdecl *)(void)'과(와) 매개 변수 목록이 다릅니다.
C:\HumanAfterAll\SOS_HumanAfterAll\SDL-Game-Framework\SDL Game Framework\Scene.c(249,33): warning C4113: 'void (__cdecl *)()'은(는) 'void (__cdecl *)(void)'과(와) 매개 변수 목록이 다릅니다.
C:\HumanAfterAll\SOS_HumanAfterAll\SDL-Game-Framework\SDL Game Framework\Scene.c(250,33): warning C4113: 'void (__cdecl *)()'은(는) 'void (__cdecl *)(void)'과(와) 매개 변수 목록이 다릅니다.
C:\HumanAfterAll\SOS_HumanAfterAll\SDL-Game-Framework\SDL Game Framework\Scene.c(251,35): warning C4113: 'void (__cdecl *)()'은(는) 'void (__cdecl *)(void)'과(와) 매개 변수 목록이 다릅니다.
  코드를 생성하고 있습니다...
  SDL Game Framework.vcxproj -> C:\HumanAfterAll\SOS_HumanAfterAll\SDL-Game-Framework\x64\Debug\SDL Game Framework.exe
  C:\HumanAfterAll\SOS_HumanAfterAll\SDL-Game-Framework\External\Lib\SDL2\libFLAC-8.dll
  C:\HumanAfterAll\SOS_HumanAfterAll\SDL-Game-Framework\External\Lib\SDL2\libjpeg-9.dll
  C:\HumanAfterAll\SOS_HumanAfterAll\SDL-Game-Framework\External\Lib\SDL2\libmodplug-1.dll
  C:\HumanAfterAll\SOS_HumanAfterAll\SDL-Game-Framework\External\Lib\SDL2\libmpg123-0.dll
  C:\HumanAfterAll\SOS_HumanAfterAll\SDL-Game-Framework\External\Lib\SDL2\libogg-0.dll
  C:\HumanAfterAll\SOS_HumanAfterAll\SDL-Game-Framework\External\Lib\SDL2\libopus-0.dll
  C:\HumanAfterAll\SOS_HumanAfterAll\SDL-Game-Framework\External\Lib\SDL2\libopusfile-0.dll
  C:\HumanAfterAll\SOS_HumanAfterAll\SDL-Game-Framework\External\Lib\SDL2\libpng16-16.dll
  C:\HumanAfterAll\SOS_HumanAfterAll\SDL-Game-Framework\External\Lib\SDL2\libtiff-5.dll
  C:\HumanAfterAll\SOS_HumanAfterAll\SDL-Game-Framework\External\Lib\SDL2\libvorbis-0.dll
  C:\HumanAfterAll\SOS_HumanAfterAll\SDL-Game-Framework\External\Lib\SDL2\libvorbisfile-3.dll
  C:\HumanAfterAll\SOS_HumanAfterAll\SDL-Game-Framework\External\Lib\SDL2\libwebp-7.dll
  C:\HumanAfterAll\SOS_HumanAfterAll\SDL-Game-Framework\External\Lib\SDL2\SDL2.dll
  C:\HumanAfterAll\SOS_HumanAfterAll\SDL-Game-Framework\External\Lib\SDL2\SDL2_image.dll
  C:\HumanAfterAll\SOS_HumanAfterAll\SDL-Game-Framework\External\Lib\SDL2\SDL2_mixer.dll
  C:\HumanAfterAll\SOS_HumanAfterAll\SDL-Game-Framework\External\Lib\SDL2\SDL2_ttf.dll
  C:\HumanAfterAll\SOS_HumanAfterAll\SDL-Game-Framework\External\Lib\SDL2\zlib1.dll
         17개 파일이 복사되었습니다.
  C:\HumanAfterAll\SOS_HumanAfterAll\SDL-Game-Framework\SDL Game Framework\Asset\Font\d2coding.ttf
  C:\HumanAfterAll\SOS_HumanAfterAll\SDL-Game-Framework\SDL Game Framework\Asset\Image\corridor_bright.jpg
  C:\HumanAfterAll\SOS_HumanAfterAll\SDL-Game-Framework\SDL Game Framework\Asset\Image\corridor_dark.png
  C:\HumanAfterAll\SOS_HumanAfterAll\SDL-Game-Framework\SDL Game Framework\Asset\Image\corridor_stairs.jpg
  C:\HumanAfterAll\SOS_HumanAfterAll\SDL-Game-Framework\SDL Game Framework\Asset\Image\corridor_underground.png
  C:\HumanAfterAll\SOS_HumanAfterAll\SDL-Game-Framework\SDL Game Framework\Asset\Image\hospital_corridor.jpg
  C:\HumanAfterAll\SOS_HumanAfterAll\SDL-Game-Framework\SDL Game Framework\Asset\Image\hospital_room.jpg
  C:\HumanAfterAll\SOS_HumanAfterAll\SDL-Game-Framework\SDL Game Framework\Asset\Image\hospital_room_door_open.jpg
  C:\HumanAfterAll\SOS_HumanAfterAll\SDL-Game-Framework\SDL Game Framework\Asset\Image\jail.jpg
  C:\HumanAfterAll\SOS_HumanAfterAll\SDL-Game-Framework\SDL Game Framework\Asset\Image\jail_floor.webp
  C:\HumanAfterAll\SOS_HumanAfterAll\SDL-Game-Framework\SDL Game Framework\Asset\Image\jail_steel.png
  C:\HumanAfterAll\SOS_HumanAfterAll\SDL-Game-Framework\SDL Game Framework\Asset\Image\lab.jpg
  C:\HumanAfterAll\SOS_HumanAfterAll\SDL-Game-Framework\SDL Game Framework\Asset\Image\lab_alt1.jpg
  C:\HumanAfterAll\SOS_HumanAfterAll\SDL-Game-Framework\SDL Game Framework\Asset\Image\lab_alt2.jpg
  C:\HumanAfterAll\SOS_HumanAfterAll\SDL-Game-Framework\SDL Game Framework\Asset\Image\lab_species.jpg
  C:\HumanAfterAll\SOS_HumanAfterAll\SDL-Game-Framework\SDL Game Framework\Asset\Image\lab_underground.jpg
  C:\HumanAfterAll\SOS_HumanAfterAll\SDL-Game-Framework\SDL Game Framework\Asset\Image\scary_hospital_room.png
  C:\HumanAfterAll\SOS_HumanAfterAll\SDL-Game-Framework\SDL Game Framework\Asset\Image\starting_image.jpg
  C:\HumanAfterAll\SOS_HumanAfterAll\SDL-Game-Framework\SDL Game Framework\Asset\Sound\game_over.mp3
  C:\HumanAfterAll\SOS_HumanAfterAll\SDL-Game-Framework\SDL Game Framework\Asset\Sound\happy_ending.mp3
  C:\HumanAfterAll\SOS_HumanAfterAll\SDL-Game-Framework\SDL Game Framework\Asset\Sound\meet_creature_first_fullver.mp3
  C:\HumanAfterAll\SOS_HumanAfterAll\SDL-Game-Framework\SDL Game Framework\Asset\Sound\meet_the_creature_before.mp3
  C:\HumanAfterAll\SOS_HumanAfterAll\SDL-Game-Framework\SDL Game Framework\Asset\Sound\meet_the_creature_first.mp3
  C:\HumanAfterAll\SOS_HumanAfterAll\SDL-Game-Framework\SDL Game Framework\Asset\Sound\sad_ending.mp3
  C:\HumanAfterAll\SOS_HumanAfterAll\SDL-Game-Framework\SDL Game Framework\Asset\Sound\scary_midtempo.mp3
  C:\HumanAfterAll\SOS_HumanAfterAll\SDL-Game-Framework\SDL Game Framework\Asset\Sound\scary_piano.mp3
  C:\HumanAfterAll\SOS_HumanAfterAll\SDL-Game-Framework\SDL Game Framework\Asset\Sound\serious_dark.mp3
  C:\HumanAfterAll\SOS_HumanAfterAll\SDL-Game-Framework\SDL Game Framework\Asset\Sound\serious_piano.mp3
  C:\HumanAfterAll\SOS_HumanAfterAll\SDL-Game-Framework\SDL Game Framework\Asset\Sound\space_bgm.mp3
  29개 파일이 복사되었습니다.
