  stdafx.c
  App.c
C:\HumanAfterAll\SOS_HumanAfterAll\HumanAfterAll_Framework\SDL Game Framework\App.c(19,27): warning C4047: '==': 'void *'의 간접 참조 수준이 'int'과(와) 다릅니다.
C:\HumanAfterAll\SOS_HumanAfterAll\HumanAfterAll_Framework\SDL Game Framework\App.c(26,29): warning C4047: '==': 'void *'의 간접 참조 수준이 'int'과(와) 다릅니다.
  Audio.c
C:\HumanAfterAll\SOS_HumanAfterAll\HumanAfterAll_Framework\SDL Game Framework\Framework\Audio.c(38,23): warning C4244: '초기화 중': 'float'에서 'int32'(으)로 변환하면서 데이터가 손실될 수 있습니다.
C:\HumanAfterAll\SOS_HumanAfterAll\HumanAfterAll_Framework\SDL Game Framework\Framework\Audio.c(152,49): warning C4244: '함수': 'float'에서 'int'(으)로 변환하면서 데이터가 손실될 수 있습니다.
C:\HumanAfterAll\SOS_HumanAfterAll\HumanAfterAll_Framework\SDL Game Framework\Framework\Audio.c(151,23): warning C4244: '초기화 중': 'float'에서 'int32'(으)로 변환하면서 데이터가 손실될 수 있습니다.
  Csv.c
C:\HumanAfterAll\SOS_HumanAfterAll\HumanAfterAll_Framework\SDL Game Framework\Framework\Csv.c(99,32): warning C4090: '=': 'const' 한정자가 서로 다릅니다.
C:\HumanAfterAll\SOS_HumanAfterAll\HumanAfterAll_Framework\SDL Game Framework\Framework\Csv.c(88,25): warning C4244: '초기화 중': '__int64'에서 'int'(으)로 변환하면서 데이터가 손실될 수 있습니다.
C:\HumanAfterAll\SOS_HumanAfterAll\HumanAfterAll_Framework\SDL Game Framework\Framework\Csv.c(133,19): warning C4267: '초기화 중': 'size_t'에서 'int'(으)로 변환하면서 데이터가 손실될 수 있습니다.
C:\HumanAfterAll\SOS_HumanAfterAll\HumanAfterAll_Framework\SDL Game Framework\Framework\Csv.c(150,45): warning C4047: '함수': 'DWORD'의 간접 참조 수준이 'void *'과(와) 다릅니다.
C:\HumanAfterAll\SOS_HumanAfterAll\HumanAfterAll_Framework\SDL Game Framework\Framework\Csv.c(150,41): warning C4024: 'MultiByteToWideChar': 형식 및 실제 매개 변수 2의 형식이 서로 다릅니다.
C:\HumanAfterAll\SOS_HumanAfterAll\HumanAfterAll_Framework\SDL Game Framework\Framework\Csv.c(150,75): warning C4047: '함수': 'int'의 간접 참조 수준이 'void *'과(와) 다릅니다.
C:\HumanAfterAll\SOS_HumanAfterAll\HumanAfterAll_Framework\SDL Game Framework\Framework\Csv.c(150,71): warning C4024: 'MultiByteToWideChar': 형식 및 실제 매개 변수 6의 형식이 서로 다릅니다.
C:\HumanAfterAll\SOS_HumanAfterAll\HumanAfterAll_Framework\SDL Game Framework\Framework\Csv.c(152,34): warning C4047: '함수': 'DWORD'의 간접 참조 수준이 'void *'과(와) 다릅니다.
C:\HumanAfterAll\SOS_HumanAfterAll\HumanAfterAll_Framework\SDL Game Framework\Framework\Csv.c(152,30): warning C4024: 'MultiByteToWideChar': 형식 및 실제 매개 변수 2의 형식이 서로 다릅니다.
  Image.c
  Input.c
  Random.c
C:\HumanAfterAll\SOS_HumanAfterAll\HumanAfterAll_Framework\SDL Game Framework\Framework\Random.c(6,12): warning C4244: '함수': 'time_t'에서 'unsigned int'(으)로 변환하면서 데이터가 손실될 수 있습니다.
C:\HumanAfterAll\SOS_HumanAfterAll\HumanAfterAll_Framework\SDL Game Framework\Framework\Random.c(13,30): warning C4244: '초기화 중': 'float'에서 'int32'(으)로 변환하면서 데이터가 손실될 수 있습니다.
  Renderer.c
C:\HumanAfterAll\SOS_HumanAfterAll\HumanAfterAll_Framework\SDL Game Framework\Framework\Renderer.c(35,21): warning C4244: '초기화 중': 'const float'에서 'int'(으)로 변환하면서 데이터가 손실될 수 있습니다.
C:\HumanAfterAll\SOS_HumanAfterAll\HumanAfterAll_Framework\SDL Game Framework\Framework\Renderer.c(36,22): warning C4244: '초기화 중': 'const float'에서 'int'(으)로 변환하면서 데이터가 손실될 수 있습니다.
C:\HumanAfterAll\SOS_HumanAfterAll\HumanAfterAll_Framework\SDL Game Framework\Framework\Renderer.c(43,59): warning C4133: '함수': 'TTF_Font *const '과(와) 'TTF_Font *' 사이의 형식이 호환되지 않습니다.
C:\HumanAfterAll\SOS_HumanAfterAll\HumanAfterAll_Framework\SDL Game Framework\Framework\Renderer.c(55,60): warning C4133: '함수': 'TTF_Font *const '과(와) 'TTF_Font *' 사이의 형식이 호환되지 않습니다.
C:\HumanAfterAll\SOS_HumanAfterAll\HumanAfterAll_Framework\SDL Game Framework\Framework\Renderer.c(67,61): warning C4133: '함수': 'TTF_Font *const '과(와) 'TTF_Font *' 사이의 형식이 호환되지 않습니다.
  Scene.c
C:\HumanAfterAll\SOS_HumanAfterAll\HumanAfterAll_Framework\SDL Game Framework\Framework\Scene.c(165,67): warning C4267: '함수': 'size_t'에서 'int32'(으)로 변환하면서 데이터가 손실될 수 있습니다.
C:\HumanAfterAll\SOS_HumanAfterAll\HumanAfterAll_Framework\SDL Game Framework\Framework\Scene.c(318,28): warning C4113: 'void (__cdecl *)()'은(는) 'void (__cdecl *)(void)'과(와) 매개 변수 목록이 다릅니다.
C:\HumanAfterAll\SOS_HumanAfterAll\HumanAfterAll_Framework\SDL Game Framework\Framework\Scene.c(319,32): warning C4113: 'void (__cdecl *)()'은(는) 'void (__cdecl *)(void)'과(와) 매개 변수 목록이 다릅니다.
C:\HumanAfterAll\SOS_HumanAfterAll\HumanAfterAll_Framework\SDL Game Framework\Framework\Scene.c(320,32): warning C4113: 'void (__cdecl *)()'은(는) 'void (__cdecl *)(void)'과(와) 매개 변수 목록이 다릅니다.
C:\HumanAfterAll\SOS_HumanAfterAll\HumanAfterAll_Framework\SDL Game Framework\Framework\Scene.c(321,34): warning C4113: 'void (__cdecl *)()'은(는) 'void (__cdecl *)(void)'과(와) 매개 변수 목록이 다릅니다.
C:\HumanAfterAll\SOS_HumanAfterAll\HumanAfterAll_Framework\SDL Game Framework\Framework\Scene.c(324,34): warning C4113: 'void (__cdecl *)()'은(는) 'void (__cdecl *)(void)'과(와) 매개 변수 목록이 다릅니다.
C:\HumanAfterAll\SOS_HumanAfterAll\HumanAfterAll_Framework\SDL Game Framework\Framework\Scene.c(325,38): warning C4113: 'void (__cdecl *)()'은(는) 'void (__cdecl *)(void)'과(와) 매개 변수 목록이 다릅니다.
C:\HumanAfterAll\SOS_HumanAfterAll\HumanAfterAll_Framework\SDL Game Framework\Framework\Scene.c(326,38): warning C4113: 'void (__cdecl *)()'은(는) 'void (__cdecl *)(void)'과(와) 매개 변수 목록이 다릅니다.
C:\HumanAfterAll\SOS_HumanAfterAll\HumanAfterAll_Framework\SDL Game Framework\Framework\Scene.c(327,40): warning C4113: 'void (__cdecl *)()'은(는) 'void (__cdecl *)(void)'과(와) 매개 변수 목록이 다릅니다.
C:\HumanAfterAll\SOS_HumanAfterAll\HumanAfterAll_Framework\SDL Game Framework\Framework\Scene.c(330,28): warning C4113: 'void (__cdecl *)()'은(는) 'void (__cdecl *)(void)'과(와) 매개 변수 목록이 다릅니다.
C:\HumanAfterAll\SOS_HumanAfterAll\HumanAfterAll_Framework\SDL Game Framework\Framework\Scene.c(331,32): warning C4113: 'void (__cdecl *)()'은(는) 'void (__cdecl *)(void)'과(와) 매개 변수 목록이 다릅니다.
C:\HumanAfterAll\SOS_HumanAfterAll\HumanAfterAll_Framework\SDL Game Framework\Framework\Scene.c(332,32): warning C4113: 'void (__cdecl *)()'은(는) 'void (__cdecl *)(void)'과(와) 매개 변수 목록이 다릅니다.
C:\HumanAfterAll\SOS_HumanAfterAll\HumanAfterAll_Framework\SDL Game Framework\Framework\Scene.c(333,34): warning C4113: 'void (__cdecl *)()'은(는) 'void (__cdecl *)(void)'과(와) 매개 변수 목록이 다릅니다.
C:\HumanAfterAll\SOS_HumanAfterAll\HumanAfterAll_Framework\SDL Game Framework\Framework\Scene.c(336,29): warning C4113: 'void (__cdecl *)()'은(는) 'void (__cdecl *)(void)'과(와) 매개 변수 목록이 다릅니다.
C:\HumanAfterAll\SOS_HumanAfterAll\HumanAfterAll_Framework\SDL Game Framework\Framework\Scene.c(337,33): warning C4113: 'void (__cdecl *)()'은(는) 'void (__cdecl *)(void)'과(와) 매개 변수 목록이 다릅니다.
C:\HumanAfterAll\SOS_HumanAfterAll\HumanAfterAll_Framework\SDL Game Framework\Framework\Scene.c(338,33): warning C4113: 'void (__cdecl *)()'은(는) 'void (__cdecl *)(void)'과(와) 매개 변수 목록이 다릅니다.
C:\HumanAfterAll\SOS_HumanAfterAll\HumanAfterAll_Framework\SDL Game Framework\Framework\Scene.c(339,35): warning C4113: 'void (__cdecl *)()'은(는) 'void (__cdecl *)(void)'과(와) 매개 변수 목록이 다릅니다.
  Text.c
C:\HumanAfterAll\SOS_HumanAfterAll\HumanAfterAll_Framework\SDL Game Framework\Framework\Text.c(37,26): warning C4133: '함수': 'TTF_Font *'과(와) 'TTF_Font *' 사이의 형식이 호환되지 않습니다.
C:\HumanAfterAll\SOS_HumanAfterAll\HumanAfterAll_Framework\SDL Game Framework\Framework\Text.c(49,27): warning C4133: '함수': 'TTF_Font *'과(와) 'TTF_Font *' 사이의 형식이 호환되지 않습니다.
C:\HumanAfterAll\SOS_HumanAfterAll\HumanAfterAll_Framework\SDL Game Framework\Framework\Text.c(54,45): warning C4133: '=': 'TTF_Font *'과(와) 'TTF_Font *' 사이의 형식이 호환되지 않습니다.
C:\HumanAfterAll\SOS_HumanAfterAll\HumanAfterAll_Framework\SDL Game Framework\Framework\Text.c(59,29): warning C4133: '함수': 'TTF_Font *'과(와) 'TTF_Font *' 사이의 형식이 호환되지 않습니다.
C:\HumanAfterAll\SOS_HumanAfterAll\HumanAfterAll_Framework\SDL Game Framework\Framework\Text.c(64,48): warning C4133: '함수': 'TTF_Font *const '과(와) 'const TTF_Font *' 사이의 형식이 호환되지 않습니다.
  Timer.c
C:\HumanAfterAll\SOS_HumanAfterAll\HumanAfterAll_Framework\SDL Game Framework\Framework\Timer.c(10,20): warning C4244: '=': 'double'에서 'float'(으)로 변환하면서 데이터가 손실될 수 있습니다.
  Window.c
  Main.c
  코드를 생성하고 있습니다.
  Previous IPDB not found, fall back to full compilation.
  All 60 functions were compiled because no usable IPDB/IOBJ from previous compilation was found.
  코드를 생성했습니다.
  SDL Game Framework.vcxproj -> C:\HumanAfterAll\SOS_HumanAfterAll\HumanAfterAll_Framework\x64\Release\SDL Game Framework.exe
  C:\HumanAfterAll\SOS_HumanAfterAll\HumanAfterAll_Framework\External\Lib\SDL2\libFLAC-8.dll
  C:\HumanAfterAll\SOS_HumanAfterAll\HumanAfterAll_Framework\External\Lib\SDL2\libjpeg-9.dll
  C:\HumanAfterAll\SOS_HumanAfterAll\HumanAfterAll_Framework\External\Lib\SDL2\libmodplug-1.dll
  C:\HumanAfterAll\SOS_HumanAfterAll\HumanAfterAll_Framework\External\Lib\SDL2\libmpg123-0.dll
  C:\HumanAfterAll\SOS_HumanAfterAll\HumanAfterAll_Framework\External\Lib\SDL2\libogg-0.dll
  C:\HumanAfterAll\SOS_HumanAfterAll\HumanAfterAll_Framework\External\Lib\SDL2\libopus-0.dll
  C:\HumanAfterAll\SOS_HumanAfterAll\HumanAfterAll_Framework\External\Lib\SDL2\libopusfile-0.dll
  C:\HumanAfterAll\SOS_HumanAfterAll\HumanAfterAll_Framework\External\Lib\SDL2\libpng16-16.dll
  C:\HumanAfterAll\SOS_HumanAfterAll\HumanAfterAll_Framework\External\Lib\SDL2\libtiff-5.dll
  C:\HumanAfterAll\SOS_HumanAfterAll\HumanAfterAll_Framework\External\Lib\SDL2\libvorbis-0.dll
  C:\HumanAfterAll\SOS_HumanAfterAll\HumanAfterAll_Framework\External\Lib\SDL2\libvorbisfile-3.dll
  C:\HumanAfterAll\SOS_HumanAfterAll\HumanAfterAll_Framework\External\Lib\SDL2\libwebp-7.dll
  C:\HumanAfterAll\SOS_HumanAfterAll\HumanAfterAll_Framework\External\Lib\SDL2\SDL2.dll
  C:\HumanAfterAll\SOS_HumanAfterAll\HumanAfterAll_Framework\External\Lib\SDL2\SDL2_image.dll
  C:\HumanAfterAll\SOS_HumanAfterAll\HumanAfterAll_Framework\External\Lib\SDL2\SDL2_mixer.dll
  C:\HumanAfterAll\SOS_HumanAfterAll\HumanAfterAll_Framework\External\Lib\SDL2\SDL2_ttf.dll
  C:\HumanAfterAll\SOS_HumanAfterAll\HumanAfterAll_Framework\External\Lib\SDL2\zlib1.dll
         17개 파일이 복사되었습니다.
  C:\HumanAfterAll\SOS_HumanAfterAll\HumanAfterAll_Framework\SDL Game Framework\Asset\Test.csv
  C:\HumanAfterAll\SOS_HumanAfterAll\HumanAfterAll_Framework\SDL Game Framework\Asset\Font\d2coding.ttf
  C:\HumanAfterAll\SOS_HumanAfterAll\HumanAfterAll_Framework\SDL Game Framework\Asset\Image\badending.png
  C:\HumanAfterAll\SOS_HumanAfterAll\HumanAfterAll_Framework\SDL Game Framework\Asset\Image\corridor_bright.jpg
  C:\HumanAfterAll\SOS_HumanAfterAll\HumanAfterAll_Framework\SDL Game Framework\Asset\Image\corridor_dark.png
  C:\HumanAfterAll\SOS_HumanAfterAll\HumanAfterAll_Framework\SDL Game Framework\Asset\Image\corridor_stairs.jpg
  C:\HumanAfterAll\SOS_HumanAfterAll\HumanAfterAll_Framework\SDL Game Framework\Asset\Image\corridor_underground.png
  C:\HumanAfterAll\SOS_HumanAfterAll\HumanAfterAll_Framework\SDL Game Framework\Asset\Image\happyending.png
  C:\HumanAfterAll\SOS_HumanAfterAll\HumanAfterAll_Framework\SDL Game Framework\Asset\Image\hospital_corridor.jpg
  C:\HumanAfterAll\SOS_HumanAfterAll\HumanAfterAll_Framework\SDL Game Framework\Asset\Image\hospital_room.jpg
  C:\HumanAfterAll\SOS_HumanAfterAll\HumanAfterAll_Framework\SDL Game Framework\Asset\Image\hospital_room_door_open.jpg
  C:\HumanAfterAll\SOS_HumanAfterAll\HumanAfterAll_Framework\SDL Game Framework\Asset\Image\jail.jpg
  C:\HumanAfterAll\SOS_HumanAfterAll\HumanAfterAll_Framework\SDL Game Framework\Asset\Image\jail_floor.webp
  C:\HumanAfterAll\SOS_HumanAfterAll\HumanAfterAll_Framework\SDL Game Framework\Asset\Image\jail_steel.png
  C:\HumanAfterAll\SOS_HumanAfterAll\HumanAfterAll_Framework\SDL Game Framework\Asset\Image\lab.jpg
  C:\HumanAfterAll\SOS_HumanAfterAll\HumanAfterAll_Framework\SDL Game Framework\Asset\Image\lab_alt1.jpg
  C:\HumanAfterAll\SOS_HumanAfterAll\HumanAfterAll_Framework\SDL Game Framework\Asset\Image\lab_alt2.jpg
  C:\HumanAfterAll\SOS_HumanAfterAll\HumanAfterAll_Framework\SDL Game Framework\Asset\Image\lab_species.jpg
  C:\HumanAfterAll\SOS_HumanAfterAll\HumanAfterAll_Framework\SDL Game Framework\Asset\Image\lab_underground.jpg
  C:\HumanAfterAll\SOS_HumanAfterAll\HumanAfterAll_Framework\SDL Game Framework\Asset\Image\sadending1.png
  C:\HumanAfterAll\SOS_HumanAfterAll\HumanAfterAll_Framework\SDL Game Framework\Asset\Image\sadending2.png
  C:\HumanAfterAll\SOS_HumanAfterAll\HumanAfterAll_Framework\SDL Game Framework\Asset\Image\scary_hospital_room.png
  C:\HumanAfterAll\SOS_HumanAfterAll\HumanAfterAll_Framework\SDL Game Framework\Asset\Image\starting_image.jpg
  C:\HumanAfterAll\SOS_HumanAfterAll\HumanAfterAll_Framework\SDL Game Framework\Asset\Sound\game_over.mp3
  C:\HumanAfterAll\SOS_HumanAfterAll\HumanAfterAll_Framework\SDL Game Framework\Asset\Sound\happy_ending.mp3
  C:\HumanAfterAll\SOS_HumanAfterAll\HumanAfterAll_Framework\SDL Game Framework\Asset\Sound\meet_creature_first_fullver.mp3
  C:\HumanAfterAll\SOS_HumanAfterAll\HumanAfterAll_Framework\SDL Game Framework\Asset\Sound\meet_the_creature_before.mp3
  C:\HumanAfterAll\SOS_HumanAfterAll\HumanAfterAll_Framework\SDL Game Framework\Asset\Sound\meet_the_creature_first.mp3
  C:\HumanAfterAll\SOS_HumanAfterAll\HumanAfterAll_Framework\SDL Game Framework\Asset\Sound\sad_ending.mp3
  C:\HumanAfterAll\SOS_HumanAfterAll\HumanAfterAll_Framework\SDL Game Framework\Asset\Sound\scary_midtempo.mp3
  C:\HumanAfterAll\SOS_HumanAfterAll\HumanAfterAll_Framework\SDL Game Framework\Asset\Sound\scary_piano.mp3
  C:\HumanAfterAll\SOS_HumanAfterAll\HumanAfterAll_Framework\SDL Game Framework\Asset\Sound\serious_dark.mp3
  C:\HumanAfterAll\SOS_HumanAfterAll\HumanAfterAll_Framework\SDL Game Framework\Asset\Sound\serious_piano.mp3
  C:\HumanAfterAll\SOS_HumanAfterAll\HumanAfterAll_Framework\SDL Game Framework\Asset\Sound\space_bgm.mp3
  34개 파일이 복사되었습니다.
